C251 COMPILER V5.60.0,  zf_device_ips200                                                   29/03/26  22:28:06  PAGE 1   


C251 COMPILER V5.60.0, COMPILATION OF MODULE zf_device_ips200
OBJECT MODULE PLACED IN .\out_file\zf_device_ips200.obj
COMPILER INVOKED BY: D:\keil c251\C251\BIN\C251.EXE ..\..\libraries\zf_device\zf_device_ips200.c LARGE FLOAT64 ROM(HUGE)
                    - WARNINGLEVEL(3) OPTIMIZE(0,SIZE) BROWSE INCDIR(..\..\libraries\zf_common;..\..\libraries\zf_components;..\..\libraries\
                    -zf_device;..\..\libraries\zf_driver;..\user;..\code;..\..\libraries\zf_components\stc32g_usb_lib;..\..\libraries\zf_comp
                    -onents\seekfree_assistant) DEBUG PRINT(.\out_file\zf_device_ips200.lst) TABS(2) OBJECT(.\out_file\zf_device_ips200.obj) 

stmt  level    source

    1          /********************************************************************************************************
             -*************
    2          * STC32G Opensourec Library МДЃЈSTC32G ПЊдДПтЃЉЪЧвЛИіЛљгкЙйЗН SDK НгПкЕФЕкШ§ЗНПЊдДПт
    3          * Copyright (c) 2025 SEEKFREE ж№ЗЩПЦММ
    4          *
    5          * БОЮФМўЪЧSTC32G144KПЊдДПтЕФвЛВПЗж
    6          *
    7          * STC32G ПЊдДПт ЪЧУтЗбШэМў
    8          * ФњПЩвдИљОнздгЩШэМўЛљН№ЛсЗЂВМЕФ GPLЃЈGNU General Public LicenseЃЌМД GNUЭЈгУЙЋЙВаэПЩжЄЃЉЕФЬѕПю
    9          * МД GPL ЕФЕк3АцЃЈМД GPL3.0ЃЉЛђЃЈФњбЁдёЕФЃЉШЮКЮКѓРДЕФАцБОЃЌжиаТЗЂВМКЭ/ЛђаоИФЫќ
   10          *
   11          * БОПЊдДПтЕФЗЂВМЪЧЯЃЭћЫќФмЗЂЛгзїгУЃЌЕЋВЂЮДЖдЦфзїШЮКЮЕФБЃжЄ
   12          * ЩѕжСУЛгавўКЌЕФЪЪЯњадЛђЪЪКЯЬиЖЈгУЭОЕФБЃжЄ
   13          * ИќЖрЯИНкЧыВЮМћ GPL
   14          *
   15          * ФњгІИУдкЪеЕНБОПЊдДПтЕФЭЌЪБЪеЕНвЛЗн GPL ЕФИББО
   16          * ШчЙћУЛгаЃЌЧыВЮдФ<https://www.gnu.org/licenses/>
   17          *
   18          * ЖюЭтзЂУїЃК
   19          * БОПЊдДПтЪЙгУ GPL3.0 ПЊдДаэПЩжЄа­вщ вдЩЯаэПЩЩъУїЮЊвыЮФАцБО
   20          * аэПЩЩъУїгЂЮФАцдк libraries/doc ЮФМўМаЯТЕФ GPL3_permission_statement.txt ЮФМўжа
   21          * аэПЩжЄИББОдк libraries ЮФМўМаЯТ МДИУЮФМўМаЯТЕФ LICENSE ЮФМў
   22          * ЛЖг­ИїЮЛЪЙгУВЂДЋВЅБОГЬађ ЕЋаоИФФкШнЪББиаыБЃСєж№ЗЩПЦММЕФАцШЈЩљУїЃЈМДБОЩљУїЃЉ
   23          *
   24          * ЮФМўУћГЦ          
   25          * ЙЋЫОУћГЦ          ГЩЖМж№ЗЩПЦММгаЯоЙЋЫО
   26          * АцБОаХЯЂ          ВщПД libraries/doc ЮФМўМаФк version ЮФМў АцБОЫЕУї
   27          * ПЊЗЂЛЗОГ          MDK FOR C251
   28          * ЪЪгУЦНЬЈ          STC32G144K
   29          * ЕъЦЬСДНг          https://seekfree.taobao.com/
   30          *
   31          * аоИФМЧТМ
   32          * ШеЦк              зїеп           БИзЂ
   33          * 2024-08-01        ДѓW            first version
   34          *********************************************************************************************************
             -***********/
   35          /********************************************************************************************************
             -*************
   36          * НгЯпЖЈвхЃК
   37          *                   ------------------------------------
   38          *                   ФЃПщЙмНХ             ЕЅЦЌЛњЙмНХ
   39          *                   SCL                  ВщПД zf_device_ips200.h жа IPS200_SCL_PIN КъЖЈвх
   40          *                   SDA                  ВщПД zf_device_ips200.h жа IPS200_SDA_PIN КъЖЈвх
   41          *                   RST                  ВщПД zf_device_ips200.h жа IPS200_RST_PIN КъЖЈвх
   42          *                   DC                   ВщПД zf_device_ips200.h жа IPS200_DC_PIN  КъЖЈвх
   43          *                   CS                   ВщПД zf_device_ips200.h жа IPS200_CS_PIN  КъЖЈвх
   44          *                   BLK                  ВщПД zf_device_ips200.h жа IPS200_BLK_PIN КъЖЈвх
   45          *                   VCC                 3.3VЕчдД
   46          *                   GND                 ЕчдДЕи
   47          *                   зюДѓЗжБцТЪ 135 * 240
   48          *                   ------------------------------------
   49          *********************************************************************************************************
             -***********/
   50          
   51          #include "zf_common_clock.h"
   52          #include "zf_common_debug.h"
C251 COMPILER V5.60.0,  zf_device_ips200                                                   29/03/26  22:28:06  PAGE 2   

   53          #include "zf_common_font.h"
   54          #include "zf_common_function.h"
   55          #include "zf_driver_delay.h"
   56          #include "zf_driver_spi.h"
   57          
   58          #include "zf_device_ips200.h"
   59          
   60          #define IPS_LEN   240
   61          #define IPS_WIGHT 320
   62          
   63          uint16 ips200_pencolor = IPS200_DEFAULT_PENCOLOR;
   64          uint16 ips200_bgcolor = IPS200_DEFAULT_BGCOLOR;
   65          
   66          ips200_dir_enum ips200_display_dir = IPS200_DEFAULT_DISPLAY_DIR;
   67          uint16 ips200_x_max = IPS_LEN;
   68          uint16 ips200_y_max = IPS_WIGHT;
   69          
   70          #if (IPS200_USE_INTERFACE==SOFT_SPI) 
                 static soft_spi_info_struct            ips200_spi;
                 #define ips200_write_8bit_data(dat)    soft_spi_write_8bit(&ips200_spi, dat)
                 #define ips200_write_16bit_data(dat)   soft_spi_write_16bit(&ips200_spi, dat)
               #elif (IPS200_USE_INTERFACE==HARDWARE_SPI)
   75            #define ips200_write_8bit_data(dat)                  spi_dma_write_8bit(IPS200_SPI, dat)
   76            #define ips200_write_16bit_data(dat)                 spi_dma_write_16bit(IPS200_SPI, dat)
   77              #define ips200_write_16bit_data_array(dat, len)      spi_dma_write_16bit_array(IPS200_SPI, dat, len)
   78          
   79          #endif
   80          
   81          //-------------------------------------------------------------------------------------------------------
             -------------
   82          // КЏЪ§МђНщ       аДУќСю ФкВПЕїгУ
   83          // @note        ФкВПЕїгУ гУЛЇЮоашЙиаФ
   84          //-------------------------------------------------------------------------------------------------------
             -------------
   85          static void ips200_write_index (uint8 dat)
   86          {
   87   1          IPS200_CS(1);
   88   1          IPS200_CS(0);
   89   1          IPS200_DC(0);
   90   1          ips200_write_8bit_data(dat);
   91   1          IPS200_DC(1);
   92   1          IPS200_CS(1);
   93   1          IPS200_CS(0);
   94   1      }
   95          
   96          //-------------------------------------------------------------------------------------------------------
             -------------
   97          // КЏЪ§МђНщ       ЩшжУЯдЪОЧјгђ ФкВПЕїгУ
   98          // ВЮЪ§ЫЕУї       x1              Ц№ЪМxжсзјБъ
   99          // ВЮЪ§ЫЕУї       y1              Ц№ЪМyжсзјБъ
  100          // ВЮЪ§ЫЕУї       x2              НсЪјxжсзјБъ
  101          // ВЮЪ§ЫЕУї       y2              НсЪјyжсзјБъ
  102          // ЗЕЛиВЮЪ§      void
  103          // @note        ФкВПЕїгУ гУЛЇЮоашЙиаФ
  104          //-------------------------------------------------------------------------------------------------------
             -------------
  105          static void ips200_set_region (uint16 x1, uint16 y1, uint16 x2, uint16 y2)
  106          {
  107   1          zf_assert(x1 < ips200_x_max);
  108   1          zf_assert(y1 < ips200_y_max);
  109   1          zf_assert(x2 < ips200_x_max);
  110   1          zf_assert(y2 < ips200_y_max);
  111   1      
  112   1      
  113   1        ips200_write_index(0x2a);                                               // СаЕижЗЩшжУ
  114   1        ips200_write_16bit_data(x1);
C251 COMPILER V5.60.0,  zf_device_ips200                                                   29/03/26  22:28:06  PAGE 3   

  115   1        ips200_write_16bit_data(x2);
  116   1        ips200_write_index(0x2b);                                               // ааЕижЗЩшжУ
  117   1        ips200_write_16bit_data(y1);
  118   1        ips200_write_16bit_data(y2);
  119   1        ips200_write_index(0x2c);                                               // ДЂДцЦїаД
  120   1      
  121   1      }
  122          
  123          //-------------------------------------------------------------------------------------------------------
             -------------
  124          // КЏЪ§МђНщ       вКОЇЧхЦСКЏЪ§
  125          // ВЮЪ§ЫЕУї       color           беЩЋИёЪН RGB565 ЛђепПЩвдЪЙгУ zf_common_font.h ФкГЃгУбеЩЋКъЖЈвх
  126          // ЗЕЛиВЮЪ§      void
  127          // ЪЙгУЪОР§                ips200_clear(YELLOW);
  128          //-------------------------------------------------------------------------------------------------------
             -------------
  129          void ips200_clear (uint16 color)
  130          {
  131   1          uint16 i;
  132   1          uint16 tmp[IPS_LEN];
  133   1          ips200_set_region(0, 0, ips200_x_max - 1, ips200_y_max - 1);
  134   1        
  135   1          for(i = 0; i < IPS_LEN; i ++)
  136   1          {
  137   2              tmp[i] = color;
  138   2          }
  139   1      
  140   1        for(i = 0; i < IPS_WIGHT; i ++)
  141   1          {
  142   2              ips200_write_16bit_data_array(tmp, IPS_LEN);
  143   2          }
  144   1      
  145   1      }
  146          
  147          //-------------------------------------------------------------------------------------------------------
             -------------
  148          // КЏЪ§МђНщ       ЩшжУЯдЪОЗНЯђ етИіКЏЪ§жЛгадкГѕЪМЛЏЦСФЛжЎЧАЕїгУВХЩњаЇ
  149          // ВЮЪ§ЫЕУї       dir             ЯдЪОЗНЯђ  ВЮее zf_device_ips200.h Фк ips200_dir_enum УЖОйЬхЖЈвх
  150          // ЗЕЛиВЮЪ§       void
  151          // ЪЙгУЪОР§                ips200_set_dir(IPS200_CROSSWISE);
  152          //-------------------------------------------------------------------------------------------------------
             -------------
  153          void ips200_set_dir (ips200_dir_enum dir)
  154          {
  155   1          ips200_display_dir = dir;
  156   1          
  157   1          switch(ips200_display_dir)
  158   1          {
  159   2              case IPS200_PORTAIT:
  160   2              case IPS200_PORTAIT_180:
  161   2              {
  162   3                  ips200_x_max = IPS_LEN;
  163   3                  ips200_y_max = IPS_WIGHT;
  164   3              }break;
  165   2              case IPS200_CROSSWISE:
  166   2              case IPS200_CROSSWISE_180:
  167   2              {
  168   3                  ips200_x_max = IPS_WIGHT;
  169   3                  ips200_y_max = IPS_LEN;
  170   3              }break;
  171   2          }
  172   1      }
  173          
  174          //-------------------------------------------------------------------------------------------------------
             -------------
  175          // КЏЪ§МђНщ       ЩшжУЯдЪОбеЩЋ
C251 COMPILER V5.60.0,  zf_device_ips200                                                   29/03/26  22:28:06  PAGE 4   

  176          // ВЮЪ§ЫЕУї       pen             беЩЋИёЪН RGB565 ЛђепПЩвдЪЙгУ zf_common_font.h ФкГЃгУбеЩЋКъЖЈвх
  177          // ВЮЪ§ЫЕУї       bgcolor         беЩЋИёЪН RGB565 ЛђепПЩвдЪЙгУ zf_common_font.h ФкГЃгУбеЩЋКъЖЈвх
  178          // ЗЕЛиВЮЪ§       void
  179          // ЪЙгУЪОР§                ips200_set_color(WHITE,BLACK);
  180          //-------------------------------------------------------------------------------------------------------
             -------------
  181          void ips200_set_color (uint16 pen, uint16 bgcolor)
  182          {
  183   1          ips200_pencolor = pen;
  184   1          ips200_bgcolor = bgcolor;
  185   1      }
  186          
  187          //-------------------------------------------------------------------------------------------------------
             -------------
  188          // КЏЪ§МђНщ       вКОЇЛ­Еу
  189          // ВЮЪ§ЫЕУї       x               зјБъxЗНЯђЕФЦ№Еу ВЮЪ§ЗЖЮЇ [0, ips200_x_max-1]
  190          // ВЮЪ§ЫЕУї       y               зјБъyЗНЯђЕФЦ№Еу ВЮЪ§ЗЖЮЇ [0, ips200_y_max-1]
  191          // ВЮЪ§ЫЕУї       dat             ашвЊЯдЪОЕФбеЩЋ
  192          // ЗЕЛиВЮЪ§       void
  193          // ЪЙгУЪОР§                ips200_draw_point(0,0,RED);                     // зјБъ 0,0 Л­вЛИіКьЩЋЕФЕу
  194          //-------------------------------------------------------------------------------------------------------
             -------------
  195          void ips200_draw_point (uint16 x,uint16 y,uint16 color)
  196          {
  197   1          zf_assert(x < ips200_x_max);
  198   1          zf_assert(y < ips200_y_max);
  199   1      
  200   1          ips200_set_region(x,y,x,y);
  201   1          ips200_write_16bit_data(color);
  202   1      }
  203          
  204          //-------------------------------------------------------------------------------------------------------
             -------------
  205          // КЏЪ§МђНщ       вКОЇЯдЪОзжЗћ
  206          // ВЮЪ§ЫЕУї       x               зјБъxЗНЯђЕФЦ№Еу ВЮЪ§ЗЖЮЇ [0, ips200_x_max-1]
  207          // ВЮЪ§ЫЕУї       y               зјБъyЗНЯђЕФЦ№Еу ВЮЪ§ЗЖЮЇ [0, ips200_y_max-1]
  208          // ВЮЪ§ЫЕУї       dat             ашвЊЯдЪОЕФзжЗћ
  209          // ЗЕЛиВЮЪ§       void
  210          // ЪЙгУЪОР§                ips200_show_char(0,0,'x');                      // зјБъ 0,0 аДвЛИізжЗћ x
  211          //-------------------------------------------------------------------------------------------------------
             -------------
  212          void ips200_show_char (uint16 x,uint16 y,const char dat)
  213          {
  214   1        uint8 i,j;
  215   1          uint8 temp;
  216   1        
  217   1          zf_assert(x < ips200_x_max);
  218   1          zf_assert(y < ips200_y_max);
  219   1      
  220   1          for(i=0; i<16; i++)
  221   1          {
  222   2              ips200_set_region(x,y+i,x+7,y+i);
  223   2              temp = ascii_font_8x16[dat-32][i];                                            //Мѕ 32 вђЮЊЪЧШЁФЃЪ
             -ЧДгПеИёПЊЪМШЁЕУ ПеИёдк ascii жаађКХЪЧ 32
  224   2              for(j=0; j<8; j++)
  225   2              {
  226   3                  if(temp&0x01)   
  227   3                      ips200_write_16bit_data(ips200_pencolor);
  228   3                  else
  229   3                      ips200_write_16bit_data(ips200_bgcolor);
  230   3                  temp>>=1;
  231   3              }
  232   2          }
  233   1      }
  234          
  235          //-------------------------------------------------------------------------------------------------------
C251 COMPILER V5.60.0,  zf_device_ips200                                                   29/03/26  22:28:06  PAGE 5   

             -------------
  236          // КЏЪ§МђНщ       вКОЇЯдЪОзжЗћДЎ
  237          // ВЮЪ§ЫЕУї       x               зјБъxЗНЯђЕФЦ№Еу ВЮЪ§ЗЖЮЇ [0, ips200_x_max-1]
  238          // ВЮЪ§ЫЕУї       y               зјБъyЗНЯђЕФЦ№Еу ВЮЪ§ЗЖЮЇ [0, ips200_y_max-1]
  239          // ВЮЪ§ЫЕУї       dat             ашвЊЯдЪОЕФзжЗћДЎ
  240          // ЗЕЛиВЮЪ§       void
  241          // ЪЙгУЪОР§                ips200_show_string(0,0,"seekfree");
  242          //-------------------------------------------------------------------------------------------------------
             -------------
  243          void ips200_show_string (uint16 x,uint16 y,const char dat[])
  244          {
  245   1        uint16 j = 0;
  246   1        
  247   1          zf_assert(x < ips200_x_max);
  248   1          zf_assert(y < ips200_y_max);
  249   1      
  250   1          while(dat[j] != '\0')
  251   1          {
  252   2              ips200_show_char(x+8*j,y,dat[j]);
  253   2              j++;
  254   2          }
  255   1      }
  256          
  257          //-------------------------------------------------------------------------------------------------------
             -------------
  258          //  @brief      вКОЇЯдЪО8ЮЛгаЗћКХ
  259          // ВЮЪ§ЫЕУї       x               зјБъxЗНЯђЕФЦ№Еу ВЮЪ§ЗЖЮЇ [0, ips200_x_max-1]
  260          // ВЮЪ§ЫЕУї       y               зјБъyЗНЯђЕФЦ№Еу ВЮЪ§ЗЖЮЇ [0, ips200_y_max-1]
  261          //  @param       dat             ашвЊЯдЪОЕФБфСПЃЌЪ§ОнРраЭint8
  262          //  @return      void
  263          //  Sample usage:               ips200_show_int8(0,0,x);                        // xЮЊ int8 РраЭ
  264          //-------------------------------------------------------------------------------------------------------
             -------------
  265          void ips200_show_int8(uint16 x,uint16 y,int8 dat)
  266          {
  267   1        uint8 a[3];
  268   1          uint8 i;
  269   1        
  270   1          zf_assert(x < ips200_x_max);
  271   1          zf_assert(y < ips200_y_max);
  272   1      
  273   1          if(dat<0)
  274   1          {
  275   2              ips200_show_char(x,y,'-');
  276   2              dat = -dat;
  277   2          }
  278   1          else
  279   1              ips200_show_char(x,y,' ');
  280   1          
  281   1          a[0] = dat/100;
  282   1          a[1] = dat/10%10;
  283   1          a[2] = dat%10;
  284   1          i = 0;
  285   1          while(i<3)
  286   1          {
  287   2              ips200_show_char(x+(8*(i+1)),y,(uint8)('0' + a[i]));
  288   2              i++;
  289   2          }
  290   1      }
  291          
  292          //-------------------------------------------------------------------------------------------------------
             -------------
  293          // КЏЪ§МђНщ       вКОЇЯдЪО8ЮЛЮоЗћКХ
  294          // ВЮЪ§ЫЕУї       x               зјБъxЗНЯђЕФЦ№Еу ВЮЪ§ЗЖЮЇ [0, ips200_x_max-1]
  295          // ВЮЪ§ЫЕУї       y               зјБъyЗНЯђЕФЦ№Еу ВЮЪ§ЗЖЮЇ [0, ips200_y_max-1]
  296          // ВЮЪ§ЫЕУї       dat             ашвЊЯдЪОЕФБфСП Ъ§ОнРраЭuint8
C251 COMPILER V5.60.0,  zf_device_ips200                                                   29/03/26  22:28:06  PAGE 6   

  297          // ЗЕЛиВЮЪ§       void
  298          // ЪЙгУЪОР§                ips200_show_uint8(0,0,x);                       // x ЮЊ uint8 РраЭ
  299          //-------------------------------------------------------------------------------------------------------
             -------------
  300          void ips200_show_uint8(uint16 x,uint16 y,uint8 dat)
  301          {
  302   1        
  303   1          uint8 a[3];
  304   1          uint8 i;
  305   1        
  306   1          zf_assert(x < ips200_x_max);
  307   1          zf_assert(y < ips200_y_max);
  308   1      
  309   1          a[0] = dat/100;
  310   1          a[1] = dat/10%10;
  311   1          a[2] = dat%10;
  312   1          i = 0;
  313   1          while(i<3)
  314   1          {
  315   2              ips200_show_char(x+(8*i),y,(uint8)('0' + a[i]));
  316   2              i++;
  317   2          }
  318   1          
  319   1      }
  320          
  321          //-------------------------------------------------------------------------------------------------------
             -------------
  322          // КЏЪ§МђНщ       вКОЇЯдЪО16ЮЛгаЗћКХ
  323          // ВЮЪ§ЫЕУї       x               зјБъxЗНЯђЕФЦ№Еу ВЮЪ§ЗЖЮЇ [0, ips200_x_max-1]
  324          // ВЮЪ§ЫЕУї       y               зјБъyЗНЯђЕФЦ№Еу ВЮЪ§ЗЖЮЇ [0, ips200_y_max-1]
  325          // ВЮЪ§ЫЕУї       dat             ашвЊЯдЪОЕФБфСП Ъ§ОнРраЭint16
  326          // ЗЕЛиВЮЪ§       void
  327          // ЪЙгУЪОР§                ips200_show_int16(0,0,x);                       // x ЮЊ int16 РраЭ
  328          //-------------------------------------------------------------------------------------------------------
             -------------
  329          void ips200_show_int16(uint16 x,uint16 y,int16 dat)
  330          {
  331   1        uint8 a[5];
  332   1          uint8 i;
  333   1      
  334   1          zf_assert(x < ips200_x_max);
  335   1          zf_assert(y < ips200_y_max);
  336   1      
  337   1          if(dat<0)
  338   1          {
  339   2              ips200_show_char(x,y,'-');
  340   2              dat = -dat;
  341   2          }
  342   1          else    ips200_show_char(x,y,' ');
  343   1      
  344   1          a[0] = dat/10000;
  345   1          a[1] = dat/1000%10;
  346   1          a[2] = dat/100%10;
  347   1          a[3] = dat/10%10;
  348   1          a[4] = dat%10;
  349   1          
  350   1          i = 0;
  351   1          while(i<5)
  352   1          {
  353   2              ips200_show_char(x+(8*(i+1)),y,(uint8)('0' + a[i]));
  354   2              i++;
  355   2          }
  356   1      }
  357          
  358          //-------------------------------------------------------------------------------------------------------
             -------------
C251 COMPILER V5.60.0,  zf_device_ips200                                                   29/03/26  22:28:06  PAGE 7   

  359          // КЏЪ§МђНщ       вКОЇЯдЪО16ЮЛЮоЗћКХ
  360          // ВЮЪ§ЫЕУї       x               зјБъxЗНЯђЕФЦ№Еу ВЮЪ§ЗЖЮЇ [0, ips200_x_max-1]
  361          // ВЮЪ§ЫЕУї       y               зјБъyЗНЯђЕФЦ№Еу ВЮЪ§ЗЖЮЇ [0, ips200_y_max-1]
  362          // ВЮЪ§ЫЕУї       dat             ашвЊЯдЪОЕФБфСПЃЌЪ§ОнРраЭuint16
  363          // ЗЕЛиВЮЪ§       void
  364          // ЪЙгУЪОР§                ips200_show_uint16(0,0,x);                      // x ЮЊ uint16 РраЭ
  365          //-------------------------------------------------------------------------------------------------------
             -------------
  366          void ips200_show_uint16(uint16 x,uint16 y,uint16 dat)
  367          {
  368   1          uint8 a[5];
  369   1          uint8 i;
  370   1        
  371   1          zf_assert(x < ips200_x_max);
  372   1          zf_assert(y < ips200_y_max);
  373   1        
  374   1          a[0] = dat/10000;
  375   1          a[1] = dat/1000%10;
  376   1          a[2] = dat/100%10;
  377   1          a[3] = dat/10%10;
  378   1          a[4] = dat%10;
  379   1          
  380   1          i = 0;
  381   1          while(i<5)
  382   1          {
  383   2              ips200_show_char(x+(8*i),y,(uint8)('0' + a[i]));
  384   2              i++;
  385   2          }
  386   1      }
  387          
  388          //-------------------------------------------------------------------------------------------------------
             -------------
  389          // КЏЪ§МђНщ       вКОЇЯдЪО32ЮЛгаЗћКХ(ШЅГ§ећЪ§ВПЗжЮоаЇЕФ0)
  390          // ВЮЪ§ЫЕУї       x               зјБъxЗНЯђЕФЦ№Еу ВЮЪ§ЗЖЮЇ [0, ips200_x_max-1]
  391          // ВЮЪ§ЫЕУї       y               зјБъyЗНЯђЕФЦ№Еу ВЮЪ§ЗЖЮЇ [0, ips200_y_max-1]
  392          // ВЮЪ§ЫЕУї       dat             ашвЊЯдЪОЕФБфСПЃЌЪ§ОнРраЭuint32
  393          // ВЮЪ§ЫЕУї       num             ашвЊЯдЪОЕФЮЛЪ§ зюИп10ЮЛ  ВЛАќКЌе§ИККХ
  394          // ЗЕЛиВЮЪ§       void
  395          // ЪЙгУЪОР§                ips200_showuint32(0,0,x,3);                     // x ПЩвдЮЊ int32 uint16 int16
             - uint8 int8 РраЭ
  396          // note:                        ИКЪ§ЛсЯдЪОвЛИі ЁЎ-ЁЏКХ   е§Ъ§ЯдЪОвЛИіПеИё
  397          //-------------------------------------------------------------------------------------------------------
             -------------
  398          void ips200_show_int32(uint16 x,uint16 y,int32 dat,uint8 num)
  399          {
  400   1          int8    buff[34];
  401   1          uint8   length;
  402   1        
  403   1          zf_assert(x < ips200_x_max);
  404   1          zf_assert(y < ips200_y_max);
  405   1        
  406   1          if(10<num)      num = 10;
  407   1          
  408   1          num++;
  409   1          if(0>dat)   length = zf_sprintf( &buff[0],(const int8 *)"%d",dat);        // ИКЪ§
  410   1          else
  411   1          {
  412   2              buff[0] = ' ';
  413   2              length = zf_sprintf( &buff[1],(const int8 *)"%d",dat);
  414   2              length++;
  415   2          }
  416   1          while(length < num)
  417   1          {
  418   2              buff[length] = ' ';
  419   2              length++;
  420   2          }
C251 COMPILER V5.60.0,  zf_device_ips200                                                   29/03/26  22:28:06  PAGE 8   

  421   1          buff[num] = '\0';
  422   1      
  423   1          ips200_show_string(x, y, (const char *)buff);                               // ЯдЪОЪ§зж
  424   1      }
  425          
  426          //-------------------------------------------------------------------------------------------------------
             -------------
  427          // КЏЪ§МђНщ       вКОЇЯдЪОИЁЕуЪ§(ШЅГ§ећЪ§ВПЗжЮоаЇЕФ0)
  428          // ВЮЪ§ЫЕУї       x               зјБъxЗНЯђЕФЦ№Еу ВЮЪ§ЗЖЮЇ [0, ips200_x_max-1]
  429          // ВЮЪ§ЫЕУї       y               зјБъyЗНЯђЕФЦ№Еу ВЮЪ§ЗЖЮЇ [0, ips200_y_max-1]
  430          // ВЮЪ§ЫЕУї       dat             ашвЊЯдЪОЕФБфСПЃЌЪ§ОнРраЭfloatЛђdouble
  431          // ВЮЪ§ЫЕУї       num             ећЪ§ЮЛЯдЪОГЄЖШ   зюИп10ЮЛ
  432          // ВЮЪ§ЫЕУї       pointnum        аЁЪ§ЮЛЯдЪОГЄЖШ   зюИп6ЮЛ
  433          // ЗЕЛиВЮЪ§       void
  434          // ЪЙгУЪОР§                ips200_showfloat(0,0,x,2,3);                    // ЯдЪОИЁЕуЪ§   ећЪ§ЯдЪО2ЮЛ   
             -аЁЪ§ЯдЪОШ§ЮЛ
  435          // @note                        ЬиБ№зЂвтЕБЗЂЯжаЁЪ§ВПЗжЯдЪОЕФжЕгыФуаДШыЕФжЕВЛвЛбљЕФЪБКђЃЌ
  436          //                              ПЩФмЪЧгЩгкИЁЕуЪ§ОЋЖШЖЊЪЇЮЪЬтЕМжТЕФЃЌетВЂВЛЪЧЯдЪОКЏЪ§ЕФЮЪЬтЃЌ
  437          //                              гаЙиЮЪЬтЕФЯъЧщЃЌЧыздааАйЖШбЇЯА   ИЁЕуЪ§ОЋЖШЖЊЪЇЮЪЬтЁЃ
  438          //                              ИКЪ§ЛсЯдЪОвЛИі ЁЎ-ЁЏКХ   е§Ъ§ЯдЪОвЛИіПеИё
  439          //-------------------------------------------------------------------------------------------------------
             -------------
  440          void ips200_show_float(uint16 x,uint16 y,double dat,uint8 num,uint8 pointnum)
  441          {
  442   1          uint8   length;
  443   1          int8    buff[34];
  444   1          int8    start,end,point;
  445   1        
  446   1          zf_assert(x < ips200_x_max);
  447   1          zf_assert(y < ips200_y_max);
  448   1      
  449   1          if(6<pointnum)  pointnum = 6;
  450   1          if(10<num)      num = 10;
  451   1              
  452   1          if(0>dat)   length = zf_sprintf( &buff[0],(const int8 *)"%f",dat);        // ИКЪ§
  453   1          else
  454   1          {
  455   2              length = zf_sprintf( &buff[1],(const int8 *)"%f",dat);
  456   2              length++;
  457   2          }
  458   1          point = length - 7;                                                         // МЦЫуаЁЪ§ЕуЮЛжУ
  459   1          start = point - num - 1;                                                    // МЦЫуЦ№ЪМЮЛ
  460   1          end = point + pointnum + 1;                                                 // МЦЫуНсЪјЮЛ
  461   1          while(0>start)                                                              // ећЪ§ЮЛВЛЙЛ  ФЉЮВгІИУЬю
             -ГфПеИё
  462   1          {
  463   2              buff[end] = ' ';
  464   2              end++;
  465   2              start++;
  466   2          }
  467   1          
  468   1          if(0>dat)   buff[start] = '-';
  469   1          else        buff[start] = ' ';
  470   1          
  471   1          buff[end] = '\0';
  472   1      
  473   1          ips200_show_string(x, y, (const char *)buff);                               // ЯдЪОЪ§зж
  474   1      }
  475          
  476          
  477          //-------------------------------------------------------------------------------------------------------
             -------------
  478          // КЏЪ§МђНщ       IPS200 ЯдЪОВЈаЮ
  479          // ВЮЪ§ЫЕУї       x               зјБъxЗНЯђЕФЦ№Еу ВЮЪ§ЗЖЮЇ [0, ips200_x_max-1]
  480          // ВЮЪ§ЫЕУї       y               зјБъyЗНЯђЕФЦ№Еу ВЮЪ§ЗЖЮЇ [0, ips200_y_max-1]
  481          // ВЮЪ§ЫЕУї       *p              ВЈаЮЪ§зщжИеы
C251 COMPILER V5.60.0,  zf_device_ips200                                                   29/03/26  22:28:06  PAGE 9   

  482          // ВЮЪ§ЫЕУї       width           ВЈаЮЪЕМЪПэЖШ
  483          // ВЮЪ§ЫЕУї       value_max       ВЈаЮЪЕМЪзюДѓжЕ
  484          // ВЮЪ§ЫЕУї       dis_width       ВЈаЮЯдЪОПэЖШ ВЮЪ§ЗЖЮЇ [0, ips200_x_max]
  485          // ВЮЪ§ЫЕУї       dis_value_max   ВЈаЮЯдЪОзюДѓжЕ ВЮЪ§ЗЖЮЇ [0, ips200_y_max]
  486          // ЗЕЛиВЮЪ§       void
  487          // ЪЙгУЪОР§                ips200_show_gray_image(0,0,camera_buffer_addr,MT9V03X_W,MT9V03X_H,240,135,128)
             -;
  488          //-------------------------------------------------------------------------------------------------------
             -------------
  489          void ips200_show_wave(uint16 x, uint16 y, uint8 *p, uint16 width, uint16 value_max, uint16 dis_width, uin
             -t16 dis_value_max)
  490          {
  491   1          uint32 i = 0, j = 0;
  492   1          uint32 width_index, value_max_index;
  493   1        
  494   1          zf_assert(x < ips200_x_max);
  495   1          zf_assert(y < ips200_y_max);
  496   1        
  497   1          ips200_set_region(x, y, x+dis_width-1, y+dis_value_max-1);                  // ЩшжУЯдЪОЧјгђ
  498   1          for(i=0;i<dis_value_max;i++)
  499   1          {
  500   2              for(j=0;j<dis_width;j++)
  501   2              {
  502   3                  ips200_write_16bit_data(ips200_bgcolor); 
  503   3              }
  504   2          }
  505   1      
  506   1          for(i=0;i<dis_width;i++)
  507   1          {
  508   2              width_index = i*width/dis_width;
  509   2              value_max_index = *(p+width_index)*(dis_value_max-1)/value_max;
  510   2              ips200_draw_point(i+x, (dis_value_max-1)-value_max_index+y, ips200_pencolor);
  511   2          }
  512   1      }
  513          
  514          //-------------------------------------------------------------------------------------------------------
             -------------
  515          // КЏЪ§МђНщ       ККзжЯдЪО
  516          // ВЮЪ§ЫЕУї       x               зјБъxЗНЯђЕФЦ№Еу ВЮЪ§ЗЖЮЇ [0, ips200_x_max-1]
  517          // ВЮЪ§ЫЕУї       y               зјБъyЗНЯђЕФЦ№Еу ВЮЪ§ЗЖЮЇ [0, ips200_y_max-1]
  518          // ВЮЪ§ЫЕУї       siz            ШЁФЃЕФЪБКђЩшжУЕФККзжзжЬхДѓаЁ вВОЭЪЧвЛИіККзжеМгУЕФЕуеѓГЄПэЮЊЖрЩйИіЕу ШЁФЃ
             -ЕФЪБКђашвЊГЄПэЪЧвЛбљЕФ
  519          // ВЮЪ§ЫЕУї       *p              ашвЊЯдЪОЕФККзжЪ§зщ
  520          // ВЮЪ§ЫЕУї       number          ашвЊЯдЪОЖрЩйЮЛ
  521          // ВЮЪ§ЫЕУї       color           ЯдЪОбеЩЋ
  522          // ЗЕЛиВЮЪ§       void
  523          // ЪЙгУЪОР§                ips200_show_chinese(0,0,16,chinese_test[0],4,RED);//ЯдЪОfontЮФМўРяУцЕФ ЪОР§
  524          // БИзЂаХЯЂ                        ЪЙгУPCtoLCD2002ШэМўШЁФЃ           вѕТыЁЂж№ааЪНЁЂЫГЯђ   16*16
  525          //-------------------------------------------------------------------------------------------------------
             -------------
  526          void ips200_show_chinese (uint16 x, uint16 y, uint8 siz, const uint8 *p, uint8 number, uint16 color)
  527          {
  528   1        int i, j, k; 
  529   1          uint8 temp, temp1, temp2;
  530   1          const uint8 *p_data;
  531   1        
  532   1          zf_assert(x < ips200_x_max);
  533   1          zf_assert(y < ips200_y_max);
  534   1      
  535   1          temp2 = siz/8;
  536   1          
  537   1          ips200_set_region(x,y,number*siz-1+x,y+siz-1);
  538   1          
  539   1          for(i=0;i<siz;i++)
  540   1          {
  541   2              temp1 = number;
C251 COMPILER V5.60.0,  zf_device_ips200                                                   29/03/26  22:28:06  PAGE 10  

  542   2              p_data = p+i*temp2;
  543   2              while(temp1--)
  544   2              {
  545   3                  for(k=0;k<temp2;k++)
  546   3                  {
  547   4                      for(j=8;j>0;j--)
  548   4                      {
  549   5                          temp = (*p_data>>(j-1)) & 0x01;
  550   5                          if(temp)    ips200_write_16bit_data(color);
  551   5                          else        ips200_write_16bit_data(ips200_bgcolor);
  552   5                      }
  553   4                      p_data++;
  554   4                  }
  555   3                  p_data = p_data - temp2 + temp2*siz;
  556   3              }   
  557   2          }
  558   1      }
  559          
  560          
  561          //-------------------------------------------------------------------------------------------------------
             -------------
  562          // КЏЪ§МђНщ     IPS200 ЯдЪО 8bit ЛвЖШЭМЯё ДјЖўжЕЛЏуажЕ
  563          // ВЮЪ§ЫЕУї     x               зјБъxЗНЯђЕФЦ№Еу ВЮЪ§ЗЖЮЇ [0, ips200_x_max-1]
  564          // ВЮЪ§ЫЕУї     y               зјБъyЗНЯђЕФЦ№Еу ВЮЪ§ЗЖЮЇ [0, ips200_y_max-1]
  565          // ВЮЪ§ЫЕУї     *image          ЭМЯёЪ§зщжИеы
  566          // ВЮЪ§ЫЕУї     width           ЭМЯёЪЕМЪПэЖШ
  567          // ВЮЪ§ЫЕУї     height          ЭМЯёЪЕМЪИпЖШ
  568          // ВЮЪ§ЫЕУї     dis_width       ЭМЯёЯдЪОПэЖШ ВЮЪ§ЗЖЮЇ [0, ips200_x_max]
  569          // ВЮЪ§ЫЕУї     dis_height      ЭМЯёЯдЪОИпЖШ ВЮЪ§ЗЖЮЇ [0, ips200_y_max]
  570          // ВЮЪ§ЫЕУї     threshold       ЖўжЕЛЏЯдЪОуажЕ 0-ВЛПЊЦєЖўжЕЛЏ
  571          // ЗЕЛиВЮЪ§     void
  572          // ЪЙгУЪОР§     ips200_show_gray_image(0, 0, mt9v03x_image[0], MT9V03X_W, MT9V03X_H, MT9V03X_W, MT9V03X_H
             -, 0);
  573          // БИзЂаХЯЂ     гУгкЯдЪОзмзъЗчЕФЭМЯё
  574          //              ШчЙћвЊЯдЪОЖўжЕЛЏЭМЯё жБНгаоИФзюКѓвЛИіВЮЪ§ЮЊашвЊЕФЖўжЕЛЏуажЕМДПЩ
  575          //              ШчЙћвЊЯдЪОЖўжЕЛЏЭМЯё жБНгаоИФзюКѓвЛИіВЮЪ§ЮЊашвЊЕФЖўжЕЛЏуажЕМДПЩ
  576          //              ШчЙћвЊЯдЪОЖўжЕЛЏЭМЯё жБНгаоИФзюКѓвЛИіВЮЪ§ЮЊашвЊЕФЖўжЕЛЏуажЕМДПЩ
  577          //-------------------------------------------------------------------------------------------------------
             -------------
  578          void ips200_show_gray_image (uint16 x, uint16 y, const uint8 *image, uint16 width, uint16 height, uint16 
             -dis_width, uint16 dis_height, uint8 threshold)
  579          {
  580   1          uint32 i = 0, j = 0;
  581   1          uint16 color ,temp ;
  582   1          uint16 data_buffer[IPS_LEN];
  583   1          const uint8 *image_temp;
  584   1      
  585   1          // ШчЙћГЬађдкЪфГіСЫЖЯбдаХЯЂ ВЂЧвЬсЪОГіДэЮЛжУдкетРя
  586   1          // ФЧУДвЛАуЪЧЦСФЛЯдЪОЕФЪБКђГЌЙ§ЦСФЛЗжБцТЪЗЖЮЇСЫ
  587   1          zf_assert(x < ips200_x_max);
  588   1          zf_assert(y < ips200_y_max);
  589   1          zf_assert(NULL != image);
  590   1      
  591   1          IPS200_CS(0);
  592   1      
  593   1          ips200_set_region(x, y, x + dis_width - 1, y + dis_height - 1);             // ЩшжУЯдЪОЧјгђ
  594   1      
  595   1          for(j = 0; j < dis_height; j ++)
  596   1          {
  597   2              image_temp = image + j * height / dis_height * width;                   // жБНгЖд image ВйзїЛс Ha
             -rdfault днЪБВЛжЊЕРЮЊЪВУД
  598   2              for(i = 0; i < dis_width; i ++)
  599   2              {
  600   3                  temp = *(image_temp + i * width / dis_width);                       // ЖСШЁЯёЫиЕу
  601   3                  if(threshold == 0)
  602   3                  {
C251 COMPILER V5.60.0,  zf_device_ips200                                                   29/03/26  22:28:06  PAGE 11  

  603   4                      color = (0x001f & ((temp) >> 3)) << 11;
  604   4                      color = color | (((0x003f) & ((temp) >> 2)) << 5);
  605   4                      color = color | (0x001f & ((temp) >> 3));
  606   4                      data_buffer[i] = (color);
  607   4                  }
  608   3                  else if(temp < threshold)
  609   3                  {
  610   4                      data_buffer[i] = (RGB565_BLACK);
  611   4                  }
  612   3                  else
  613   3                  {
  614   4                      data_buffer[i] = (RGB565_WHITE);
  615   4                  }
  616   3              }
  617   2              ips200_write_16bit_data_array(data_buffer, dis_width);
  618   2          }
  619   1      
  620   1          IPS200_CS(1);
  621   1      
  622   1      }
  623          
  624          //-------------------------------------------------------------------------------------------------------
             -------------
  625          // КЏЪ§МђНщ       1.14Дч IPSвКОЇГѕЪМЛЏ
  626          // ЗЕЛиВЮЪ§      void
  627          // ЪЙгУЪОР§                ips200_init();
  628          //-------------------------------------------------------------------------------------------------------
             -------------
  629          void ips200_init (void)
  630          {
  631   1      #if (IPS200_USE_INTERFACE==SOFT_SPI)
                   soft_spi_init(&ips200_spi, SPI_MODE0, IPS200_SOFT_SPI_DELAY, IPS200_SCL_PIN, IPS200_SDA_PIN, SOFT_SPI
             -_PIN_NULL, SOFT_SPI_PIN_NULL);
               #elif (IPS200_USE_INTERFACE==HARDWARE_SPI)
  634   1          spi_dma_init(IPS200_SPI, SPI_MODE0, IPS200_SPI_SPEED, IPS200_SCL_PIN, IPS200_SDA_PIN, SPI_MISO_NULL, 
             -SPI_CS_NULL);
  635   1      #endif
  636   1      
  637   1          gpio_init(IPS200_DC_PIN, GPO, GPIO_LOW, GPO_PUSH_PULL);
  638   1          gpio_init(IPS200_RST_PIN, GPO, GPIO_LOW, GPO_PUSH_PULL);
  639   1          gpio_init(IPS200_CS_PIN, GPO, GPIO_LOW, GPO_PUSH_PULL);
  640   1          gpio_init(IPS200_BLK_PIN, GPO, GPIO_HIGH, GPO_PUSH_PULL);
  641   1      
  642   1          ips200_set_dir(ips200_display_dir);
  643   1          ips200_set_color(ips200_pencolor, ips200_bgcolor);
  644   1      
  645   1          IPS200_RST(0);
  646   1          system_delay_ms(200);
  647   1      
  648   1          IPS200_RST(1);
  649   1          system_delay_ms(100);
  650   1      
  651   1          ips200_write_index(0x36);
  652   1          system_delay_ms(100);
  653   1          if      (ips200_display_dir==0) ips200_write_8bit_data(0x00);
  654   1          else if (ips200_display_dir==1) ips200_write_8bit_data(0xC0);
  655   1          else if (ips200_display_dir==2) ips200_write_8bit_data(0x70);
  656   1          else                            ips200_write_8bit_data(0xA0);
  657   1      
  658   1          ips200_write_index(0x3A);
  659   1          ips200_write_8bit_data(0x05);
  660   1      
  661   1          ips200_write_index(0xB2);
  662   1          ips200_write_8bit_data(0x0C);
  663   1          ips200_write_8bit_data(0x0C);
  664   1          ips200_write_8bit_data(0x00);
C251 COMPILER V5.60.0,  zf_device_ips200                                                   29/03/26  22:28:06  PAGE 12  

  665   1          ips200_write_8bit_data(0x33);
  666   1          ips200_write_8bit_data(0x33);
  667   1      
  668   1          ips200_write_index(0xB7);
  669   1          ips200_write_8bit_data(0x35);
  670   1      
  671   1          ips200_write_index(0xBB);
  672   1          ips200_write_8bit_data(0x37);
  673   1      
  674   1          ips200_write_index(0xC0);
  675   1          ips200_write_8bit_data(0x2C);
  676   1      
  677   1          ips200_write_index(0xC2);
  678   1          ips200_write_8bit_data(0x01);
  679   1      
  680   1          ips200_write_index(0xC3);
  681   1          ips200_write_8bit_data(0x12);
  682   1      
  683   1          ips200_write_index(0xC4);
  684   1          ips200_write_8bit_data(0x20);
  685   1      
  686   1          ips200_write_index(0xC6);
  687   1          ips200_write_8bit_data(0x0F);
  688   1      
  689   1          ips200_write_index(0xD0);
  690   1          ips200_write_8bit_data(0xA4);
  691   1          ips200_write_8bit_data(0xA1);
  692   1      
  693   1          ips200_write_index(0xE0);
  694   1          ips200_write_8bit_data(0xD0);
  695   1          ips200_write_8bit_data(0x04);
  696   1          ips200_write_8bit_data(0x0D);
  697   1          ips200_write_8bit_data(0x11);
  698   1          ips200_write_8bit_data(0x13);
  699   1          ips200_write_8bit_data(0x2B);
  700   1          ips200_write_8bit_data(0x3F);
  701   1          ips200_write_8bit_data(0x54);
  702   1          ips200_write_8bit_data(0x4C);
  703   1          ips200_write_8bit_data(0x18);
  704   1          ips200_write_8bit_data(0x0D);
  705   1          ips200_write_8bit_data(0x0B);
  706   1          ips200_write_8bit_data(0x1F);
  707   1          ips200_write_8bit_data(0x23);
  708   1      
  709   1          ips200_write_index(0xE1);
  710   1          ips200_write_8bit_data(0xD0);
  711   1          ips200_write_8bit_data(0x04);
  712   1          ips200_write_8bit_data(0x0C);
  713   1          ips200_write_8bit_data(0x11);
  714   1          ips200_write_8bit_data(0x13);
  715   1          ips200_write_8bit_data(0x2C);
  716   1          ips200_write_8bit_data(0x3F);
  717   1          ips200_write_8bit_data(0x44);
  718   1          ips200_write_8bit_data(0x51);
  719   1          ips200_write_8bit_data(0x2F);
  720   1          ips200_write_8bit_data(0x1F);
  721   1          ips200_write_8bit_data(0x1F);
  722   1          ips200_write_8bit_data(0x20);
  723   1          ips200_write_8bit_data(0x23);
  724   1      
  725   1          ips200_write_index(0x21);
  726   1      
  727   1          ips200_write_index(0x11);
  728   1          system_delay_ms(120);
  729   1      
  730   1          ips200_write_index(0x29);
C251 COMPILER V5.60.0,  zf_device_ips200                                                   29/03/26  22:28:06  PAGE 13  

  731   1      
  732   1          ips200_clear(ips200_bgcolor);
  733   1      }


Module Information          Static   Overlayable
------------------------------------------------
  code size            =    ------     ------
  ecode size           =      5968     ------
  data size            =    ------     ------
  idata size           =    ------     ------
  pdata size           =    ------     ------
  xdata size           =      1241     ------
  xdata-const size     =    ------     ------
  edata size           =    ------     ------
  bit size             =    ------     ------
  ebit size            =    ------     ------
  bitaddressable size  =    ------     ------
  ebitaddressable size =    ------     ------
  far data size        =    ------     ------
  huge data size       =    ------     ------
  const size           =    ------     ------
  hconst size          =        86     ------
End of Module Information.


C251 COMPILATION COMPLETE.  0 WARNING(S),  0 ERROR(S)
